TN:
SF:script/DeployDSC.s.sol
DA:14,10
FN:14,DeployDSC.run
FNDA:10,DeployDSC.run
DA:15,10
DA:17,10
DA:18,10
DA:19,10
DA:20,10
DA:22,10
DA:23,10
DA:24,10
DA:25,10
DA:26,10
DA:27,10
FNF:1
FNH:1
LF:12
LH:12
BRF:0
BRH:0
end_of_record
TN:
SF:script/HelperConfig.s.sol
DA:26,10
FN:26,HelperConfig.constructor
FNDA:10,HelperConfig.constructor
DA:27,10
BRDA:27,0,0,-
BRDA:27,0,1,10
DA:28,0
DA:30,10
DA:34,0
FN:34,HelperConfig.getSepoliaEthConfig
FNDA:0,HelperConfig.getSepoliaEthConfig
DA:35,0
DA:44,10
FN:44,HelperConfig.getOrCreateAnvilEthConfig
FNDA:10,HelperConfig.getOrCreateAnvilEthConfig
DA:45,10
BRDA:45,1,0,-
DA:46,0
DA:49,10
DA:50,10
DA:51,10
DA:52,10
DA:53,10
DA:54,10
DA:56,10
FNF:3
FNH:2
LF:16
LH:12
BRF:3
BRH:1
end_of_record
TN:
SF:src/DSCEngine.sol
DA:75,2
FN:75,DSCEngine.moreThanZero
FNDA:2,DSCEngine.moreThanZero
DA:76,2
BRDA:76,0,0,-
DA:77,0
DA:82,6
FN:82,DSCEngine.isAllowedAsset
FNDA:6,DSCEngine.isAllowedAsset
DA:83,6
BRDA:83,1,0,1
DA:84,1
DA:90,11
FN:90,DSCEngine.constructor
FNDA:11,DSCEngine.constructor
DA:91,11
BRDA:91,2,0,1
DA:92,1
DA:94,10
DA:95,20
DA:96,20
DA:98,10
DA:102,0
FN:102,DSCEngine.depositCollateralAndMintDSC
FNDA:0,DSCEngine.depositCollateralAndMintDSC
DA:105,0
DA:106,0
DA:109,7
FN:109,DSCEngine.depositCollateral
FNDA:7,DSCEngine.depositCollateral
DA:115,5
DA:116,5
DA:117,5
DA:118,5
BRDA:118,3,0,-
DA:119,0
DA:123,0
FN:123,DSCEngine.redeemCollateralForDSC
FNDA:0,DSCEngine.redeemCollateralForDSC
DA:126,0
DA:127,0
DA:130,0
FN:130,DSCEngine.redeemCollateral
FNDA:0,DSCEngine.redeemCollateral
DA:135,0
DA:136,0
DA:139,3
FN:139,DSCEngine.mintDSC
FNDA:3,DSCEngine.mintDSC
DA:140,3
DA:141,3
DA:142,3
DA:143,3
BRDA:143,4,0,-
DA:144,0
DA:148,0
FN:148,DSCEngine.burnDSC
FNDA:0,DSCEngine.burnDSC
DA:149,0
DA:150,0
DA:153,2
FN:153,DSCEngine.liquidate
FNDA:2,DSCEngine.liquidate
DA:158,2
DA:159,2
BRDA:159,5,0,1
DA:160,1
DA:162,1
DA:163,1
DA:164,1
DA:165,1
DA:166,1
DA:168,1
DA:169,1
BRDA:169,6,0,-
DA:170,0
DA:172,1
DA:176,1
FN:176,DSCEngine._burnDSC
FNDA:1,DSCEngine._burnDSC
DA:177,1
DA:178,1
DA:179,1
BRDA:179,7,0,-
DA:180,0
DA:182,1
DA:185,1
FN:185,DSCEngine._redeemCollateral
FNDA:1,DSCEngine._redeemCollateral
DA:186,1
DA:187,1
DA:188,1
DA:189,1
BRDA:189,8,0,-
DA:190,0
DA:194,11
FN:194,DSCEngine._getAccountInformation
FNDA:11,DSCEngine._getAccountInformation
DA:199,11
DA:200,11
DA:203,12
FN:203,DSCEngine._healthFactor
FNDA:12,DSCEngine._healthFactor
DA:204,12
BRDA:204,9,0,4
DA:205,4
DA:207,8
DA:208,8
DA:209,8
DA:212,4
FN:212,DSCEngine._revertIfHealthFactorIsBroken
FNDA:4,DSCEngine._revertIfHealthFactorIsBroken
DA:213,4
DA:214,4
BRDA:214,10,0,-
DA:215,0
DA:220,2
FN:220,DSCEngine.getAssetAmountFromUsd
FNDA:2,DSCEngine.getAssetAmountFromUsd
DA:221,3
DA:222,3
DA:223,3
DA:226,0
FN:226,DSCEngine.getAccountCollateralValue
FNDA:0,DSCEngine.getAccountCollateralValue
DA:227,11
DA:228,22
DA:229,22
DA:230,22
DA:232,0
DA:235,1
FN:235,DSCEngine.getUsdValue
FNDA:1,DSCEngine.getUsdValue
DA:236,23
DA:237,23
DA:238,23
DA:241,3
FN:241,DSCEngine.getAccountInformation
FNDA:3,DSCEngine.getAccountInformation
DA:246,3
DA:249,1
FN:249,DSCEngine.getLiquidationThreshold
FNDA:1,DSCEngine.getLiquidationThreshold
DA:250,1
DA:253,1
FN:253,DSCEngine.getLiquidationPrecision
FNDA:1,DSCEngine.getLiquidationPrecision
DA:254,1
DA:257,1
FN:257,DSCEngine.getDecimalPrecision
FNDA:1,DSCEngine.getDecimalPrecision
DA:258,1
DA:261,5
FN:261,DSCEngine.getHealthFactor
FNDA:5,DSCEngine.getHealthFactor
DA:262,5
FNF:23
FNH:18
LF:99
LH:78
BRF:11
BRH:4
end_of_record
TN:
SF:src/DecentralizedStableCoin.sol
DA:50,1
FN:50,DecentralizedStableCoin.burn
FNDA:1,DecentralizedStableCoin.burn
DA:51,1
DA:52,1
BRDA:52,0,0,-
DA:53,0
DA:55,1
BRDA:55,1,0,-
DA:56,0
DA:58,1
DA:61,3
FN:61,DecentralizedStableCoin.mint
FNDA:3,DecentralizedStableCoin.mint
DA:62,3
BRDA:62,2,0,-
DA:63,0
DA:65,3
BRDA:65,3,0,-
DA:66,0
DA:68,3
DA:69,3
FNF:2
FNH:2
LF:14
LH:10
BRF:4
BRH:0
end_of_record
TN:
SF:test/mocks/MockV3Aggregator.sol
DA:26,20
FN:26,MockV3Aggregator.constructor
FNDA:20,MockV3Aggregator.constructor
DA:27,20
DA:28,20
DA:31,21
FN:31,MockV3Aggregator.updateAnswer
FNDA:21,MockV3Aggregator.updateAnswer
DA:32,21
DA:33,21
DA:34,21
DA:35,21
DA:36,21
DA:37,21
DA:40,0
FN:40,MockV3Aggregator.updateRoundData
FNDA:0,MockV3Aggregator.updateRoundData
DA:41,0
DA:42,0
DA:43,0
DA:44,0
DA:45,0
DA:46,0
DA:49,0
FN:49,MockV3Aggregator.getRoundData
FNDA:0,MockV3Aggregator.getRoundData
DA:55,0
DA:58,26
FN:58,MockV3Aggregator.latestRoundData
FNDA:26,MockV3Aggregator.latestRoundData
DA:64,26
DA:73,0
FN:73,MockV3Aggregator.description
FNDA:0,MockV3Aggregator.description
DA:74,0
FNF:6
FNH:3
LF:23
LH:12
BRF:0
BRH:0
end_of_record
